INFO: [VRFC 10-163] Analyzing VHDL file "/home/bruno/Documents/PED/exp_3/exp_3.srcs/sources_1/new/exp_3.vhd" into library xil_defaultlib
INFO: [VRFC 10-3107] analyzing entity 'exp_3'
INFO: [VRFC 10-163] Analyzing VHDL file "/home/bruno/Documents/PED/exp_3/exp_3.srcs/sim_1/new/exp_3_tb.vhd" into library xil_defaultlib
INFO: [VRFC 10-3107] analyzing entity 'exp_3_tb'
INFO: [VRFC 10-163] Analyzing VHDL file "/home/bruno/Documents/PED/exp_3/exp_3.srcs/sources_1/new/exp_3.vhd" into library xil_defaultlib
INFO: [VRFC 10-3107] analyzing entity 'exp_3'
INFO: [VRFC 10-163] Analyzing VHDL file "/home/bruno/Documents/PED/exp_3/exp_3.srcs/sim_1/new/exp_3_tb.vhd" into library xil_defaultlib
INFO: [VRFC 10-3107] analyzing entity 'exp_3_tb'
INFO: [VRFC 10-163] Analyzing VHDL file "/home/bruno/Documents/PED/exp_3/exp_3.srcs/sources_1/new/exp_3.vhd" into library xil_defaultlib
INFO: [VRFC 10-3107] analyzing entity 'exp_3'
INFO: [VRFC 10-163] Analyzing VHDL file "/home/bruno/Documents/PED/exp_3/exp_3.srcs/sources_1/new/exp_3.vhd" into library xil_defaultlib
INFO: [VRFC 10-3107] analyzing entity 'exp_3'
INFO: [VRFC 10-163] Analyzing VHDL file "/home/bruno/Documents/PED/exp_3/exp_3.srcs/sim_1/new/exp_3_tb.vhd" into library xil_defaultlib
INFO: [VRFC 10-3107] analyzing entity 'exp_3_tb'
INFO: [VRFC 10-163] Analyzing VHDL file "/home/bruno/Documents/PED/exp_3/exp_3.srcs/sources_1/new/exp_3.vhd" into library xil_defaultlib
INFO: [VRFC 10-3107] analyzing entity 'exp_3'
INFO: [VRFC 10-163] Analyzing VHDL file "/home/bruno/Documents/PED/exp_3/exp_3.srcs/sim_1/new/exp_3_tb.vhd" into library xil_defaultlib
INFO: [VRFC 10-3107] analyzing entity 'exp_3_tb'
INFO: [VRFC 10-163] Analyzing VHDL file "/home/bruno/Documents/PED/exp_3/exp_3.srcs/sources_1/new/exp_3.vhd" into library xil_defaultlib
INFO: [VRFC 10-3107] analyzing entity 'exp_3'
INFO: [VRFC 10-163] Analyzing VHDL file "/home/bruno/Documents/PED/exp_3/exp_3.srcs/sim_1/new/exp_3_tb.vhd" into library xil_defaultlib
INFO: [VRFC 10-3107] analyzing entity 'exp_3_tb'
INFO: [VRFC 10-163] Analyzing VHDL file "/home/bruno/Documents/PED/exp_3/exp_3.srcs/sim_1/new/exp_3_tb.vhd" into library xil_defaultlib
INFO: [VRFC 10-3107] analyzing entity 'exp_3_tb'
INFO: [VRFC 10-163] Analyzing VHDL file "/home/bruno/Documents/PED/exp_3/exp_3.srcs/sources_1/new/exp_3.vhd" into library xil_defaultlib
INFO: [VRFC 10-3107] analyzing entity 'exp_3'
INFO: [VRFC 10-163] Analyzing VHDL file "/home/bruno/Documents/PED/exp_3/exp_3.srcs/sim_1/new/exp_3_tb.vhd" into library xil_defaultlib
INFO: [VRFC 10-3107] analyzing entity 'exp_3_tb'
INFO: [VRFC 10-163] Analyzing VHDL file "/home/bruno/Documents/PED/exp_3/exp_3.srcs/sources_1/new/exp_3.vhd" into library xil_defaultlib
INFO: [VRFC 10-3107] analyzing entity 'exp_3'
INFO: [VRFC 10-163] Analyzing VHDL file "/home/bruno/Documents/PED/exp_3/exp_3.srcs/sim_1/new/exp_3_tb.vhd" into library xil_defaultlib
INFO: [VRFC 10-3107] analyzing entity 'exp_3_tb'
INFO: [VRFC 10-163] Analyzing VHDL file "/home/bruno/Documents/PED/exp_3/exp_3.srcs/sources_1/new/exp_3.vhd" into library xil_defaultlib
INFO: [VRFC 10-3107] analyzing entity 'exp_3'
ERROR: [VRFC 10-3202] cannot read from 'out' object 'f' ; use 'buffer' or 'inout' [/home/bruno/Documents/PED/exp_3/exp_3.srcs/sources_1/new/exp_3.vhd:26]
ERROR: [VRFC 10-3202] cannot read from 'out' object 'f' ; use 'buffer' or 'inout' [/home/bruno/Documents/PED/exp_3/exp_3.srcs/sources_1/new/exp_3.vhd:31]
ERROR: [VRFC 10-3202] cannot read from 'out' object 'f' ; use 'buffer' or 'inout' [/home/bruno/Documents/PED/exp_3/exp_3.srcs/sources_1/new/exp_3.vhd:38]
ERROR: [VRFC 10-3202] cannot read from 'out' object 'f' ; use 'buffer' or 'inout' [/home/bruno/Documents/PED/exp_3/exp_3.srcs/sources_1/new/exp_3.vhd:43]
ERROR: [VRFC 10-3782] unit 'behavioral' ignored due to previous errors [/home/bruno/Documents/PED/exp_3/exp_3.srcs/sources_1/new/exp_3.vhd:20]
INFO: [VRFC 10-3070] VHDL file '/home/bruno/Documents/PED/exp_3/exp_3.srcs/sources_1/new/exp_3.vhd' ignored due to errors
INFO: [VRFC 10-163] Analyzing VHDL file "/home/bruno/Documents/PED/exp_3/exp_3.srcs/sources_1/new/exp_3.vhd" into library xil_defaultlib
INFO: [VRFC 10-3107] analyzing entity 'exp_3'
INFO: [VRFC 10-163] Analyzing VHDL file "/home/bruno/Documents/PED/exp_3/exp_3.srcs/sim_1/new/exp_3_tb.vhd" into library xil_defaultlib
INFO: [VRFC 10-3107] analyzing entity 'exp_3_tb'
INFO: [VRFC 10-163] Analyzing VHDL file "/home/bruno/Documents/PED/exp_3/exp_3.srcs/sim_1/new/exp_3_tb.vhd" into library xil_defaultlib
INFO: [VRFC 10-3107] analyzing entity 'exp_3_tb'
INFO: [VRFC 10-163] Analyzing VHDL file "/home/bruno/Documents/PED/exp_3/exp_3.srcs/sources_1/new/exp_3.vhd" into library xil_defaultlib
INFO: [VRFC 10-3107] analyzing entity 'exp_3'
